545|Raiders of the Lost Ark
547|Psycho
558|Paths of Glory
560|Vertigo
564|Taxi Driver
566|Maltese Falcon, The
567|M
568|Third Man, The
571|Boot, Das
572|Wizard of Oz, The
573|Sunset Blvd.
575|Buono, il brutto, il cattivo, Il
576|Chinatown
577|Singin' in the Rain
578|Apocalypse Now
579|All About Eve
580|Some Like It Hot
584|Rashomon
585|Almost Famous
586|2001: A Space Odyssey
590|Monty Python and the Holy Grail
592|General, The
595|Treasure of the Sierra Madre, The
597|Reservoir Dogs
599|Ran
604|City Lights
607|Amadeus
611|Sting, The
613|Leon
615|Duck Soup
620|Aliens
621|Yojimbo
625|Princess Bride, The
628|Sjunde inseglet, Det
629|Strangers on a Train
632|Mononoke Hime
633|Great Dictator, The
639|Graduate, The
641|Deer Hunter, The
646|Notorious
647|Quatre cents coups, Les
648|Grande illusion, La
652|Ben-Hur
654|Big Sleep, The
655|Metropolis
663|All Quiet on the Western Front
664|Streetcar Named Desire, A
673|Die Hard
675|Wild Bunch, The
677|Terminator 2: Judgment Day
679|Smultronstallet
681|Night at the Opera, A
682|Platoon
687|Spartacus
689|Brazil
691|Once Upon a Time in America
692|Indiana Jones and the Last Crusade
696|Nosferatu, eine Symphonie des Grauens
697|Fantasia
698|Forrest Gump
699|Right Stuff, The
701|Strada, La
703|Terminator, The
705|Exorcist, The
707|Central do Brasil
708|Rain Man
709|Back to the Future
717|Enfants du paradis, Les
719|Adventures of Robin Hood, The
721|Man Who Shot Liberty Valance, The
724|As Good As It Gets
733|Gandhi
735|Fanny och Alexander
736|Close Encounters of the Third Kind
737|Scrooge
741|Requiem for a Dream
757|39 Steps, The
761|8 1/2
771|Crimes and Misdemeanors
774|Rebel Without a Cause
782|Network
